<?xml version="1.0" encoding="UTF-8"?>
<testng-results skipped="0" failed="1" ignored="2" total="8" passed="5">
  <reporter-output>
  </reporter-output>
  <suite name="RegressionSuite" duration-ms="106" started-at="2020-06-15T05:30:29Z" finished-at="2020-06-15T05:30:29Z">
    <groups>
    </groups>
    <test name="Login" duration-ms="41" started-at="2020-06-15T05:30:29Z" finished-at="2020-06-15T05:30:29Z">
      <class name="TestNgPackage.Login">
        <test-method status="FAIL" signature="Login01()[pri:0, instance:TestNgPackage.Login@2b53840a]" name="Login01" duration-ms="16" started-at="2020-06-15T05:30:29Z" finished-at="2020-06-15T05:30:29Z">
          <exception class="java.lang.AssertionError">
            <message>
              <![CDATA[The following asserts failed:
expected [true] but found [false]]]>
            </message>
            <full-stacktrace>
              <![CDATA[java.lang.AssertionError: The following asserts failed:
expected [true] but found [false]
at org.testng.asserts.SoftAssert.assertAll(SoftAssert.java:43)
at TestNgPackage.Login.Login01(Login.java:40)
at sun.reflect.NativeMethodAccessorImpl.invoke0(Native Method)
at sun.reflect.NativeMethodAccessorImpl.invoke(NativeMethodAccessorImpl.java:62)
at sun.reflect.DelegatingMethodAccessorImpl.invoke(DelegatingMethodAccessorImpl.java:43)
at java.lang.reflect.Method.invoke(Method.java:498)
at org.testng.internal.MethodInvocationHelper.invokeMethod(MethodInvocationHelper.java:124)
at org.testng.internal.Invoker.invokeMethod(Invoker.java:583)
at org.testng.internal.Invoker.invokeTestMethod(Invoker.java:719)
at org.testng.internal.Invoker.invokeTestMethods(Invoker.java:989)
at org.testng.internal.TestMethodWorker.invokeTestMethods(TestMethodWorker.java:125)
at org.testng.internal.TestMethodWorker.run(TestMethodWorker.java:109)
at org.testng.TestRunner.privateRun(TestRunner.java:648)
at org.testng.TestRunner.run(TestRunner.java:505)
at org.testng.SuiteRunner.runTest(SuiteRunner.java:455)
at org.testng.SuiteRunner.runSequentially(SuiteRunner.java:450)
at org.testng.SuiteRunner.privateRun(SuiteRunner.java:415)
at org.testng.SuiteRunner.run(SuiteRunner.java:364)
at org.testng.SuiteRunnerWorker.runSuite(SuiteRunnerWorker.java:52)
at org.testng.SuiteRunnerWorker.run(SuiteRunnerWorker.java:84)
at org.testng.TestNG.runSuitesSequentially(TestNG.java:1208)
at org.testng.TestNG.runSuitesLocally(TestNG.java:1137)
at org.testng.TestNG.runSuites(TestNG.java:1049)
at org.testng.TestNG.run(TestNG.java:1017)
at org.apache.maven.surefire.testng.TestNGExecutor.run(TestNGExecutor.java:283)
at org.apache.maven.surefire.testng.TestNGXmlTestSuite.execute(TestNGXmlTestSuite.java:75)
at org.apache.maven.surefire.testng.TestNGProvider.invoke(TestNGProvider.java:120)
at sun.reflect.NativeMethodAccessorImpl.invoke0(Native Method)
at sun.reflect.NativeMethodAccessorImpl.invoke(NativeMethodAccessorImpl.java:62)
at sun.reflect.DelegatingMethodAccessorImpl.invoke(DelegatingMethodAccessorImpl.java:43)
at java.lang.reflect.Method.invoke(Method.java:498)
at org.apache.maven.surefire.util.ReflectionUtils.invokeMethodWithArray2(ReflectionUtils.java:206)
at org.apache.maven.surefire.booter.ProviderFactory$ProviderProxy.invoke(ProviderFactory.java:161)
at org.apache.maven.surefire.booter.ProviderFactory.invokeProvider(ProviderFactory.java:84)
at org.apache.maven.plugin.surefire.InPluginVMSurefireStarter.runSuitesInProcess(InPluginVMSurefireStarter.java:87)
at org.apache.maven.plugin.surefire.AbstractSurefireMojo.executeProvider(AbstractSurefireMojo.java:1177)
at org.apache.maven.plugin.surefire.AbstractSurefireMojo.executeAfterPreconditionsChecked(AbstractSurefireMojo.java:1022)
at org.apache.maven.plugin.surefire.AbstractSurefireMojo.execute(AbstractSurefireMojo.java:868)
at org.apache.maven.plugin.DefaultBuildPluginManager.executeMojo(DefaultBuildPluginManager.java:137)
at org.apache.maven.lifecycle.internal.MojoExecutor.execute(MojoExecutor.java:210)
at org.apache.maven.lifecycle.internal.MojoExecutor.execute(MojoExecutor.java:156)
at org.apache.maven.lifecycle.internal.MojoExecutor.execute(MojoExecutor.java:148)
at org.apache.maven.lifecycle.internal.LifecycleModuleBuilder.buildProject(LifecycleModuleBuilder.java:117)
at org.apache.maven.lifecycle.internal.LifecycleModuleBuilder.buildProject(LifecycleModuleBuilder.java:81)
at org.apache.maven.lifecycle.internal.builder.singlethreaded.SingleThreadedBuilder.build(SingleThreadedBuilder.java:56)
at org.apache.maven.lifecycle.internal.LifecycleStarter.execute(LifecycleStarter.java:128)
at org.apache.maven.DefaultMaven.doExecute(DefaultMaven.java:305)
at org.apache.maven.DefaultMaven.doExecute(DefaultMaven.java:192)
at org.apache.maven.DefaultMaven.execute(DefaultMaven.java:105)
at org.apache.maven.cli.MavenCli.execute(MavenCli.java:957)
at org.apache.maven.cli.MavenCli.doMain(MavenCli.java:289)
at org.apache.maven.cli.MavenCli.main(MavenCli.java:193)
at sun.reflect.NativeMethodAccessorImpl.invoke0(Native Method)
at sun.reflect.NativeMethodAccessorImpl.invoke(NativeMethodAccessorImpl.java:62)
at sun.reflect.DelegatingMethodAccessorImpl.invoke(DelegatingMethodAccessorImpl.java:43)
at java.lang.reflect.Method.invoke(Method.java:498)
at org.codehaus.plexus.classworlds.launcher.Launcher.launchEnhanced(Launcher.java:282)
at org.codehaus.plexus.classworlds.launcher.Launcher.launch(Launcher.java:225)
at org.codehaus.plexus.classworlds.launcher.Launcher.mainWithExitCode(Launcher.java:406)
at org.codehaus.plexus.classworlds.launcher.Launcher.main(Launcher.java:347)
]]>
            </full-stacktrace>
          </exception> <!-- java.lang.AssertionError -->
          <reporter-output>
          </reporter-output>
        </test-method> <!-- Login01 -->
        <test-method status="PASS" signature="Login03()[pri:0, instance:TestNgPackage.Login@2b53840a]" name="Login03" duration-ms="3" started-at="2020-06-15T05:30:29Z" finished-at="2020-06-15T05:30:29Z">
          <reporter-output>
          </reporter-output>
        </test-method> <!-- Login03 -->
        <test-method status="PASS" signature="Login04()[pri:0, instance:TestNgPackage.Login@2b53840a]" name="Login04" duration-ms="3" started-at="2020-06-15T05:30:29Z" finished-at="2020-06-15T05:30:29Z">
          <reporter-output>
          </reporter-output>
        </test-method> <!-- Login04 -->
      </class> <!-- TestNgPackage.Login -->
    </test> <!-- Login -->
    <test name="Home" duration-ms="5" started-at="2020-06-15T05:30:29Z" finished-at="2020-06-15T05:30:29Z">
      <class name="TestNgPackage.Login">
        <test-method status="PASS" signature="loadProp()[pri:0, instance:TestNgPackage.Login@2b53840a]" name="loadProp" is-config="true" duration-ms="68" started-at="2020-06-15T05:30:29Z" finished-at="2020-06-15T05:30:29Z">
          <reporter-output>
          </reporter-output>
        </test-method> <!-- loadProp -->
      </class> <!-- TestNgPackage.Login -->
      <class name="TestNgPackage.Home">
        <test-method status="PASS" signature="Home02()[pri:0, instance:TestNgPackage.Home@62b3a2f6]" name="Home02" duration-ms="0" started-at="2020-06-15T05:30:29Z" finished-at="2020-06-15T05:30:29Z">
          <reporter-output>
          </reporter-output>
        </test-method> <!-- Home02 -->
        <test-method status="PASS" signature="Home03()[pri:0, instance:TestNgPackage.Home@62b3a2f6]" name="Home03" duration-ms="1" started-at="2020-06-15T05:30:29Z" finished-at="2020-06-15T05:30:29Z">
          <reporter-output>
          </reporter-output>
        </test-method> <!-- Home03 -->
        <test-method status="PASS" signature="Home04()[pri:0, instance:TestNgPackage.Home@62b3a2f6]" name="Home04" duration-ms="0" started-at="2020-06-15T05:30:29Z" finished-at="2020-06-15T05:30:29Z">
          <reporter-output>
          </reporter-output>
        </test-method> <!-- Home04 -->
      </class> <!-- TestNgPackage.Home -->
    </test> <!-- Home -->
  </suite> <!-- RegressionSuite -->
</testng-results>
