-------------------------------------------------------------------------------
Test set: TestSuite
-------------------------------------------------------------------------------
Tests run: 6, Failures: 1, Errors: 0, Skipped: 0, Time elapsed: 0.986 s <<< FAILURE! - in TestSuite
Login01(TestNgPackage.Login)  Time elapsed: 0.017 s  <<< FAILURE!
java.lang.AssertionError: 
The following asserts failed:
	expected [true] but found [false]
	at TestNgPackage.Login.Login01(Login.java:40)

